

Started GET "/u/home" for 127.0.0.1 at 2014-06-05 16:38:40 +0900
  [1m[36mActiveRecord::SchemaMigration Load (0.4ms)[0m  [1mSELECT "schema_migrations".* FROM "schema_migrations"[0m
Processing by U::HomeController#show as HTML
  Rendered u/home/show.html.erb within layouts/application (1.3ms)
  [1m[35mUser Load (0.8ms)[0m  SELECT  "users".* FROM "users"  WHERE "users"."id" = 1  ORDER BY "users"."id" ASC LIMIT 1
Completed 200 OK in 42ms (Views: 25.6ms | ActiveRecord: 2.7ms)

ActionController::RoutingError (No route matches [GET] "/assets/bootstrap.css.map"):
  actionpack (4.1.0) lib/action_dispatch/middleware/debug_exceptions.rb:21:in `call'
  actionpack (4.1.0) lib/action_dispatch/middleware/show_exceptions.rb:30:in `call'
  railties (4.1.0) lib/rails/rack/logger.rb:38:in `call_app'
  railties (4.1.0) lib/rails/rack/logger.rb:20:in `block in call'
  activesupport (4.1.0) lib/active_support/tagged_logging.rb:68:in `block in tagged'
  activesupport (4.1.0) lib/active_support/tagged_logging.rb:26:in `tagged'
  activesupport (4.1.0) lib/active_support/tagged_logging.rb:68:in `tagged'
  railties (4.1.0) lib/rails/rack/logger.rb:20:in `call'
  quiet_assets (1.0.2) lib/quiet_assets.rb:18:in `call_with_quiet_assets'
  actionpack (4.1.0) lib/action_dispatch/middleware/request_id.rb:21:in `call'
  rack (1.5.2) lib/rack/methodoverride.rb:21:in `call'
  rack (1.5.2) lib/rack/runtime.rb:17:in `call'
  activesupport (4.1.0) lib/active_support/cache/strategy/local_cache_middleware.rb:26:in `call'
  rack (1.5.2) lib/rack/lock.rb:17:in `call'
  actionpack (4.1.0) lib/action_dispatch/middleware/static.rb:64:in `call'
  rack (1.5.2) lib/rack/sendfile.rb:112:in `call'
  railties (4.1.0) lib/rails/engine.rb:514:in `call'
  railties (4.1.0) lib/rails/application.rb:144:in `call'
  rack (1.5.2) lib/rack/lock.rb:17:in `call'
  rack (1.5.2) lib/rack/content_length.rb:14:in `call'
  rack (1.5.2) lib/rack/handler/webrick.rb:60:in `service'
  /Users/jwako/.rbenv/versions/2.1.0/lib/ruby/2.1.0/webrick/httpserver.rb:138:in `service'
  /Users/jwako/.rbenv/versions/2.1.0/lib/ruby/2.1.0/webrick/httpserver.rb:94:in `run'
  /Users/jwako/.rbenv/versions/2.1.0/lib/ruby/2.1.0/webrick/server.rb:295:in `block in start_thread'




Started GET "/fonts/glyphicons-halflings-regular.woff" for 127.0.0.1 at 2014-06-05 16:38:41 +0900

ActionController::RoutingError (No route matches [GET] "/fonts/glyphicons-halflings-regular.woff"):
  actionpack (4.1.0) lib/action_dispatch/middleware/debug_exceptions.rb:21:in `call'
  actionpack (4.1.0) lib/action_dispatch/middleware/show_exceptions.rb:30:in `call'
  railties (4.1.0) lib/rails/rack/logger.rb:38:in `call_app'
  railties (4.1.0) lib/rails/rack/logger.rb:20:in `block in call'
  activesupport (4.1.0) lib/active_support/tagged_logging.rb:68:in `block in tagged'
  activesupport (4.1.0) lib/active_support/tagged_logging.rb:26:in `tagged'
  activesupport (4.1.0) lib/active_support/tagged_logging.rb:68:in `tagged'
  railties (4.1.0) lib/rails/rack/logger.rb:20:in `call'
  quiet_assets (1.0.2) lib/quiet_assets.rb:18:in `call_with_quiet_assets'
  actionpack (4.1.0) lib/action_dispatch/middleware/request_id.rb:21:in `call'
  rack (1.5.2) lib/rack/methodoverride.rb:21:in `call'
  rack (1.5.2) lib/rack/runtime.rb:17:in `call'
  activesupport (4.1.0) lib/active_support/cache/strategy/local_cache_middleware.rb:26:in `call'
  rack (1.5.2) lib/rack/lock.rb:17:in `call'
  actionpack (4.1.0) lib/action_dispatch/middleware/static.rb:64:in `call'
  rack (1.5.2) lib/rack/sendfile.rb:112:in `call'
  railties (4.1.0) lib/rails/engine.rb:514:in `call'
  railties (4.1.0) lib/rails/application.rb:144:in `call'
  rack (1.5.2) lib/rack/lock.rb:17:in `call'
  rack (1.5.2) lib/rack/content_length.rb:14:in `call'
  rack (1.5.2) lib/rack/handler/webrick.rb:60:in `service'
  /Users/jwako/.rbenv/versions/2.1.0/lib/ruby/2.1.0/webrick/httpserver.rb:138:in `service'
  /Users/jwako/.rbenv/versions/2.1.0/lib/ruby/2.1.0/webrick/httpserver.rb:94:in `run'
  /Users/jwako/.rbenv/versions/2.1.0/lib/ruby/2.1.0/webrick/server.rb:295:in `block in start_thread'


  Rendered /Users/jwako/.rbenv/versions/2.1.0/lib/ruby/gems/2.1.0/gems/actionpack-4.1.0/lib/action_dispatch/middleware/templates/rescues/_trace.html.erb (2.1ms)
  Rendered /Users/jwako/.rbenv/versions/2.1.0/lib/ruby/gems/2.1.0/gems/actionpack-4.1.0/lib/action_dispatch/middleware/templates/routes/_route.html.erb (4.4ms)
  Rendered /Users/jwako/.rbenv/versions/2.1.0/lib/ruby/gems/2.1.0/gems/actionpack-4.1.0/lib/action_dispatch/middleware/templates/routes/_table.html.erb (1.2ms)
  Rendered /Users/jwako/.rbenv/versions/2.1.0/lib/ruby/gems/2.1.0/gems/actionpack-4.1.0/lib/action_dispatch/middleware/templates/rescues/routing_error.html.erb within rescues/layout (39.5ms)


Started GET "/fonts/glyphicons-halflings-regular.ttf" for 127.0.0.1 at 2014-06-05 16:38:41 +0900

ActionController::RoutingError (No route matches [GET] "/fonts/glyphicons-halflings-regular.ttf"):
  actionpack (4.1.0) lib/action_dispatch/middleware/debug_exceptions.rb:21:in `call'
  actionpack (4.1.0) lib/action_dispatch/middleware/show_exceptions.rb:30:in `call'
  railties (4.1.0) lib/rails/rack/logger.rb:38:in `call_app'
  railties (4.1.0) lib/rails/rack/logger.rb:20:in `block in call'
  activesupport (4.1.0) lib/active_support/tagged_logging.rb:68:in `block in tagged'
  activesupport (4.1.0) lib/active_support/tagged_logging.rb:26:in `tagged'
  activesupport (4.1.0) lib/active_support/tagged_logging.rb:68:in `tagged'
  railties (4.1.0) lib/rails/rack/logger.rb:20:in `call'
  quiet_assets (1.0.2) lib/quiet_assets.rb:18:in `call_with_quiet_assets'
  actionpack (4.1.0) lib/action_dispatch/middleware/request_id.rb:21:in `call'
  rack (1.5.2) lib/rack/methodoverride.rb:21:in `call'
  rack (1.5.2) lib/rack/runtime.rb:17:in `call'
  activesupport (4.1.0) lib/active_support/cache/strategy/local_cache_middleware.rb:26:in `call'
  rack (1.5.2) lib/rack/lock.rb:17:in `call'
  actionpack (4.1.0) lib/action_dispatch/middleware/static.rb:64:in `call'
  rack (1.5.2) lib/rack/sendfile.rb:112:in `call'
  railties (4.1.0) lib/rails/engine.rb:514:in `call'
  railties (4.1.0) lib/rails/application.rb:144:in `call'
  rack (1.5.2) lib/rack/lock.rb:17:in `call'
  rack (1.5.2) lib/rack/content_length.rb:14:in `call'
  rack (1.5.2) lib/rack/handler/webrick.rb:60:in `service'
  /Users/jwako/.rbenv/versions/2.1.0/lib/ruby/2.1.0/webrick/httpserver.rb:138:in `service'
  /Users/jwako/.rbenv/versions/2.1.0/lib/ruby/2.1.0/webrick/httpserver.rb:94:in `run'
  /Users/jwako/.rbenv/versions/2.1.0/lib/ruby/2.1.0/webrick/server.rb:295:in `block in start_thread'


  Rendered /Users/jwako/.rbenv/versions/2.1.0/lib/ruby/gems/2.1.0/gems/actionpack-4.1.0/lib/action_dispatch/middleware/templates/rescues/_trace.html.erb (2.0ms)
  Rendered /Users/jwako/.rbenv/versions/2.1.0/lib/ruby/gems/2.1.0/gems/actionpack-4.1.0/lib/action_dispatch/middleware/templates/routes/_route.html.erb (4.7ms)
  Rendered /Users/jwako/.rbenv/versions/2.1.0/lib/ruby/gems/2.1.0/gems/actionpack-4.1.0/lib/action_dispatch/middleware/templates/routes/_table.html.erb (2.1ms)
  Rendered /Users/jwako/.rbenv/versions/2.1.0/lib/ruby/gems/2.1.0/gems/actionpack-4.1.0/lib/action_dispatch/middleware/templates/rescues/routing_error.html.erb within rescues/layout (61.7ms)


Started GET "/fonts/glyphicons-halflings-regular.svg" for 127.0.0.1 at 2014-06-05 16:38:41 +0900

ActionController::RoutingError (No route matches [GET] "/fonts/glyphicons-halflings-regular.svg"):
  actionpack (4.1.0) lib/action_dispatch/middleware/debug_exceptions.rb:21:in `call'
  actionpack (4.1.0) lib/action_dispatch/middleware/show_exceptions.rb:30:in `call'
  railties (4.1.0) lib/rails/rack/logger.rb:38:in `call_app'
  railties (4.1.0) lib/rails/rack/logger.rb:20:in `block in call'
  activesupport (4.1.0) lib/active_support/tagged_logging.rb:68:in `block in tagged'
  activesupport (4.1.0) lib/active_support/tagged_logging.rb:26:in `tagged'
  activesupport (4.1.0) lib/active_support/tagged_logging.rb:68:in `tagged'
  railties (4.1.0) lib/rails/rack/logger.rb:20:in `call'
  quiet_assets (1.0.2) lib/quiet_assets.rb:18:in `call_with_quiet_assets'
  actionpack (4.1.0) lib/action_dispatch/middleware/request_id.rb:21:in `call'
  rack (1.5.2) lib/rack/methodoverride.rb:21:in `call'
  rack (1.5.2) lib/rack/runtime.rb:17:in `call'
  activesupport (4.1.0) lib/active_support/cache/strategy/local_cache_middleware.rb:26:in `call'
  rack (1.5.2) lib/rack/lock.rb:17:in `call'
  actionpack (4.1.0) lib/action_dispatch/middleware/static.rb:64:in `call'
  rack (1.5.2) lib/rack/sendfile.rb:112:in `call'
  railties (4.1.0) lib/rails/engine.rb:514:in `call'
  railties (4.1.0) lib/rails/application.rb:144:in `call'
  rack (1.5.2) lib/rack/lock.rb:17:in `call'
  rack (1.5.2) lib/rack/content_length.rb:14:in `call'
  rack (1.5.2) lib/rack/handler/webrick.rb:60:in `service'
  /Users/jwako/.rbenv/versions/2.1.0/lib/ruby/2.1.0/webrick/httpserver.rb:138:in `service'
  /Users/jwako/.rbenv/versions/2.1.0/lib/ruby/2.1.0/webrick/httpserver.rb:94:in `run'
  /Users/jwako/.rbenv/versions/2.1.0/lib/ruby/2.1.0/webrick/server.rb:295:in `block in start_thread'


  Rendered /Users/jwako/.rbenv/versions/2.1.0/lib/ruby/gems/2.1.0/gems/actionpack-4.1.0/lib/action_dispatch/middleware/templates/rescues/_trace.html.erb (1.9ms)
  Rendered /Users/jwako/.rbenv/versions/2.1.0/lib/ruby/gems/2.1.0/gems/actionpack-4.1.0/lib/action_dispatch/middleware/templates/routes/_route.html.erb (6.1ms)
  Rendered /Users/jwako/.rbenv/versions/2.1.0/lib/ruby/gems/2.1.0/gems/actionpack-4.1.0/lib/action_dispatch/middleware/templates/routes/_table.html.erb (1.7ms)
  Rendered /Users/jwako/.rbenv/versions/2.1.0/lib/ruby/gems/2.1.0/gems/actionpack-4.1.0/lib/action_dispatch/middleware/templates/rescues/routing_error.html.erb within rescues/layout (49.5ms)


Started GET "/u/home" for 127.0.0.1 at 2014-06-05 16:42:30 +0900
  [1m[36mActiveRecord::SchemaMigration Load (0.3ms)[0m  [1mSELECT "schema_migrations".* FROM "schema_migrations"[0m
Processing by U::HomeController#show as HTML
  Rendered u/home/show.html.erb within layouts/application (1.3ms)
  [1m[35mUser Load (1.2ms)[0m  SELECT  "users".* FROM "users"  WHERE "users"."id" = 1  ORDER BY "users"."id" ASC LIMIT 1
Completed 200 OK in 38ms (Views: 25.0ms | ActiveRecord: 3.9ms)


Started GET "/u/home" for 127.0.0.1 at 2014-06-05 16:42:37 +0900
Processing by U::HomeController#show as HTML
  Rendered u/home/show.html.erb within layouts/application (0.1ms)
  [1m[36mUser Load (0.5ms)[0m  [1mSELECT  "users".* FROM "users"  WHERE "users"."id" = 1  ORDER BY "users"."id" ASC LIMIT 1[0m
Completed 200 OK in 6ms (Views: 5.2ms | ActiveRecord: 0.5ms)
